2023-01-03 23:06:47,122  INFO [main] SauceDemoProject:58 - maximized browser
2023-01-03 23:06:49,138  INFO [main] SauceDemoProject:63 - opened website
2023-01-03 23:06:49,253  INFO [main] SauceDemoProject:72 - entered username
2023-01-03 23:06:49,324  INFO [main] SauceDemoProject:75 - entered password
2023-01-03 23:06:49,431  INFO [main] SauceDemoProject:78 - clicked on login button
2023-01-03 23:07:01,974  INFO [main] SauceDemoProject:16 - clicked on all add to cart btn
2023-01-03 23:07:07,133  INFO [main] SauceDemoProject:21 - moved to cart_Preview
2023-01-03 23:07:07,159  INFO [main] SauceDemoProject:25 - Applied validation
2023-01-03 23:07:07,209  INFO [main] SauceDemoProject:88 - Clicked on setting btn
2023-01-03 23:07:07,314  INFO [main] SauceDemoProject:91 - Clicked on logout btn
2023-01-03 23:07:07,494  INFO [main] SauceDemoProject:98 - Closed browser
2023-01-03 23:07:08,424  INFO [main] SauceDemoProject:58 - maximized browser
2023-01-03 23:07:09,274  INFO [main] SauceDemoProject:63 - opened website
2023-01-03 23:07:09,351  INFO [main] SauceDemoProject:72 - entered username
2023-01-03 23:07:09,429  INFO [main] SauceDemoProject:75 - entered password
2023-01-03 23:07:09,530  INFO [main] SauceDemoProject:78 - clicked on login button
2023-01-03 23:07:09,591  INFO [main] SauceDemoProject:18 - clicked on product at index 3
2023-01-03 23:07:11,659  INFO [main] SauceDemoProject:22 - Clicked on add to cart
2023-01-03 23:07:11,718  INFO [main] SauceDemoProject:25 - Clicked on cart
2023-01-03 23:07:11,791  INFO [main] SauceDemoProject:88 - Clicked on setting btn
2023-01-03 23:07:11,952  INFO [main] SauceDemoProject:91 - Clicked on logout btn
2023-01-03 23:07:12,077  INFO [main] SauceDemoProject:98 - Closed browser
2023-01-03 23:07:13,029  INFO [main] SauceDemoProject:58 - maximized browser
2023-01-03 23:07:13,998  INFO [main] SauceDemoProject:63 - opened website
2023-01-03 23:07:14,077  INFO [main] SauceDemoProject:72 - entered username
2023-01-03 23:07:14,150  INFO [main] SauceDemoProject:75 - entered password
2023-01-03 23:07:14,241  INFO [main] SauceDemoProject:78 - clicked on login button
2023-01-03 23:07:14,304  INFO [main] SauceDemoProject:88 - Clicked on setting btn
2023-01-03 23:07:14,464  INFO [main] SauceDemoProject:91 - Clicked on logout btn
2023-01-03 23:07:14,648  INFO [main] SauceDemoProject:98 - Closed browser
2023-01-03 23:07:15,660  INFO [main] SauceDemoProject:58 - maximized browser
2023-01-03 23:07:16,758  INFO [main] SauceDemoProject:63 - opened website
2023-01-03 23:07:16,834  INFO [main] SauceDemoProject:72 - entered username
2023-01-03 23:07:16,903  INFO [main] SauceDemoProject:75 - entered password
2023-01-03 23:07:17,009  INFO [main] SauceDemoProject:78 - clicked on login button
2023-01-03 23:07:17,086  INFO [main] SauceDemoProject:18 - Clicked on filter dropDown
2023-01-03 23:07:17,153  INFO [main] SauceDemoProject:21 - Selected element at index 2
2023-01-03 23:07:17,262  INFO [main] SauceDemoProject:88 - Clicked on setting btn
2023-01-03 23:07:17,440  INFO [main] SauceDemoProject:91 - Clicked on logout btn
2023-01-03 23:07:17,631  INFO [main] SauceDemoProject:98 - Closed browser
2023-01-03 23:07:18,631  INFO [main] SauceDemoProject:58 - maximized browser
2023-01-03 23:07:19,520  INFO [main] SauceDemoProject:63 - opened website
2023-01-03 23:07:19,592  INFO [main] SauceDemoProject:72 - entered username
2023-01-03 23:07:19,662  INFO [main] SauceDemoProject:75 - entered password
2023-01-03 23:07:19,758  INFO [main] SauceDemoProject:78 - clicked on login button
2023-01-03 23:07:19,809  INFO [main] SauceDemoProject:88 - Clicked on setting btn
2023-01-03 23:07:19,990  INFO [main] SauceDemoProject:91 - Clicked on logout btn
2023-01-03 23:07:20,188  INFO [main] SauceDemoProject:98 - Closed browser
2023-01-04 16:46:55,264  INFO [main] SauceDemoProject:58 - maximized browser
2023-01-04 16:46:56,665  INFO [main] SauceDemoProject:63 - opened website
2023-01-04 16:46:56,789  INFO [main] SauceDemoProject:72 - entered username
2023-01-04 16:46:56,872  INFO [main] SauceDemoProject:75 - entered password
2023-01-04 16:46:56,967  INFO [main] SauceDemoProject:78 - clicked on login button
2023-01-04 16:46:57,096  INFO [main] SauceDemoProject:18 - Clicked on filter dropDown
2023-01-04 16:46:57,134  INFO [main] SauceDemoProject:21 - Selected element at index 2
2023-01-04 16:46:57,237  INFO [main] SauceDemoProject:88 - Clicked on setting btn
2023-01-04 16:46:57,423  INFO [main] SauceDemoProject:91 - Clicked on logout btn
2023-01-04 16:46:57,731  INFO [main] SauceDemoProject:98 - Closed browser
2023-01-04 16:46:58,923  INFO [main] SauceDemoProject:58 - maximized browser
2023-01-04 16:47:00,251  INFO [main] SauceDemoProject:63 - opened website
2023-01-04 16:47:00,368  INFO [main] SauceDemoProject:72 - entered username
2023-01-04 16:47:00,461  INFO [main] SauceDemoProject:75 - entered password
2023-01-04 16:47:00,563  INFO [main] SauceDemoProject:78 - clicked on login button
2023-01-04 16:47:01,560  INFO [main] SauceDemoProject:16 - clicked on all add to cart btn
2023-01-04 16:47:06,699  INFO [main] SauceDemoProject:21 - moved to cart_Preview
2023-01-04 16:47:06,724  INFO [main] SauceDemoProject:25 - Applied validation
2023-01-04 16:47:06,774  INFO [main] SauceDemoProject:88 - Clicked on setting btn
2023-01-04 16:47:06,885  INFO [main] SauceDemoProject:91 - Clicked on logout btn
2023-01-04 16:47:07,199  INFO [main] SauceDemoProject:98 - Closed browser
2023-01-04 16:47:08,174  INFO [main] SauceDemoProject:58 - maximized browser
2023-01-04 16:47:09,385  INFO [main] SauceDemoProject:63 - opened website
2023-01-04 16:47:09,471  INFO [main] SauceDemoProject:72 - entered username
2023-01-04 16:47:09,551  INFO [main] SauceDemoProject:75 - entered password
2023-01-04 16:47:09,649  INFO [main] SauceDemoProject:78 - clicked on login button
2023-01-04 16:47:09,736  INFO [main] SauceDemoProject:18 - clicked on product at index 3
2023-01-04 16:47:11,837  INFO [main] SauceDemoProject:22 - Clicked on add to cart
2023-01-04 16:47:11,888  INFO [main] SauceDemoProject:25 - Clicked on cart
2023-01-04 16:47:11,963  INFO [main] SauceDemoProject:88 - Clicked on setting btn
2023-01-04 16:47:12,086  INFO [main] SauceDemoProject:91 - Clicked on logout btn
2023-01-04 16:47:12,397  INFO [main] SauceDemoProject:98 - Closed browser
2023-01-04 16:47:13,507  INFO [main] SauceDemoProject:58 - maximized browser
2023-01-04 16:47:14,380  INFO [main] SauceDemoProject:63 - opened website
2023-01-04 16:47:14,471  INFO [main] SauceDemoProject:72 - entered username
2023-01-04 16:47:14,542  INFO [main] SauceDemoProject:75 - entered password
2023-01-04 16:47:14,642  INFO [main] SauceDemoProject:78 - clicked on login button
2023-01-04 16:47:14,732  INFO [main] SauceDemoProject:88 - Clicked on setting btn
2023-01-04 16:47:14,869  INFO [main] SauceDemoProject:91 - Clicked on logout btn
2023-01-04 16:47:15,168  INFO [main] SauceDemoProject:98 - Closed browser
2023-01-04 16:47:16,184  INFO [main] SauceDemoProject:58 - maximized browser
2023-01-04 16:47:17,450  INFO [main] SauceDemoProject:63 - opened website
2023-01-04 16:47:17,538  INFO [main] SauceDemoProject:72 - entered username
2023-01-04 16:47:17,623  INFO [main] SauceDemoProject:75 - entered password
2023-01-04 16:47:17,743  INFO [main] SauceDemoProject:78 - clicked on login button
2023-01-04 16:47:17,906  INFO [main] SauceDemoProject:88 - Clicked on setting btn
2023-01-04 16:47:18,025  INFO [main] SauceDemoProject:91 - Clicked on logout btn
2023-01-04 16:47:18,228  INFO [main] SauceDemoProject:98 - Closed browser
2023-01-04 16:49:14,316  INFO [main] SauceDemoProject:58 - maximized browser
2023-01-04 16:49:15,216  INFO [main] SauceDemoProject:63 - opened website
2023-01-04 16:49:15,329  INFO [main] SauceDemoProject:72 - entered username
2023-01-04 16:49:15,400  INFO [main] SauceDemoProject:75 - entered password
2023-01-04 16:49:15,508  INFO [main] SauceDemoProject:78 - clicked on login button
2023-01-04 16:49:15,596  INFO [main] SauceDemoProject:18 - Clicked on filter dropDown
2023-01-04 16:49:15,643  INFO [main] SauceDemoProject:21 - Selected element at index 2
2023-01-04 16:49:15,797  INFO [main] SauceDemoProject:88 - Clicked on setting btn
2023-01-04 16:49:15,972  INFO [main] SauceDemoProject:91 - Clicked on logout btn
2023-01-04 16:49:16,226  INFO [main] SauceDemoProject:98 - Closed browser
2023-01-04 16:49:17,288  INFO [main] SauceDemoProject:58 - maximized browser
2023-01-04 16:49:18,223  INFO [main] SauceDemoProject:63 - opened website
2023-01-04 16:49:18,321  INFO [main] SauceDemoProject:72 - entered username
2023-01-04 16:49:18,397  INFO [main] SauceDemoProject:75 - entered password
2023-01-04 16:49:18,522  INFO [main] SauceDemoProject:78 - clicked on login button
2023-01-04 16:49:18,596  INFO [main] SauceDemoProject:88 - Clicked on setting btn
2023-01-04 16:49:18,722  INFO [main] SauceDemoProject:91 - Clicked on logout btn
2023-01-04 16:49:18,969  INFO [main] SauceDemoProject:98 - Closed browser
2023-01-04 16:49:19,963  INFO [main] SauceDemoProject:58 - maximized browser
2023-01-04 16:49:20,951  INFO [main] SauceDemoProject:63 - opened website
2023-01-04 16:49:21,036  INFO [main] SauceDemoProject:72 - entered username
2023-01-04 16:49:21,108  INFO [main] SauceDemoProject:75 - entered password
2023-01-04 16:49:21,211  INFO [main] SauceDemoProject:78 - clicked on login button
2023-01-04 16:49:22,172  INFO [main] SauceDemoProject:16 - clicked on all add to cart btn
2023-01-04 16:49:27,299  INFO [main] SauceDemoProject:21 - moved to cart_Preview
2023-01-04 16:49:27,320  INFO [main] SauceDemoProject:25 - Applied validation
2023-01-04 16:49:27,372  INFO [main] SauceDemoProject:88 - Clicked on setting btn
2023-01-04 16:49:27,477  INFO [main] SauceDemoProject:91 - Clicked on logout btn
2023-01-04 16:49:27,778  INFO [main] SauceDemoProject:98 - Closed browser
2023-01-04 16:49:28,776  INFO [main] SauceDemoProject:58 - maximized browser
2023-01-04 16:49:29,672  INFO [main] SauceDemoProject:63 - opened website
2023-01-04 16:49:29,768  INFO [main] SauceDemoProject:72 - entered username
2023-01-04 16:49:29,843  INFO [main] SauceDemoProject:75 - entered password
2023-01-04 16:49:29,951  INFO [main] SauceDemoProject:78 - clicked on login button
2023-01-04 16:49:30,023  INFO [main] SauceDemoProject:18 - clicked on product at index 3
2023-01-04 16:49:32,086  INFO [main] SauceDemoProject:22 - Clicked on add to cart
2023-01-04 16:49:32,135  INFO [main] SauceDemoProject:25 - Clicked on cart
2023-01-04 16:49:32,205  INFO [main] SauceDemoProject:88 - Clicked on setting btn
2023-01-04 16:49:32,322  INFO [main] SauceDemoProject:91 - Clicked on logout btn
2023-01-04 16:49:32,569  INFO [main] SauceDemoProject:98 - Closed browser
2023-01-04 16:49:33,603  INFO [main] SauceDemoProject:58 - maximized browser
2023-01-04 16:49:34,570  INFO [main] SauceDemoProject:63 - opened website
2023-01-04 16:49:34,655  INFO [main] SauceDemoProject:72 - entered username
2023-01-04 16:49:34,729  INFO [main] SauceDemoProject:75 - entered password
2023-01-04 16:49:34,832  INFO [main] SauceDemoProject:78 - clicked on login button
2023-01-04 16:49:34,911  INFO [main] SauceDemoProject:88 - Clicked on setting btn
2023-01-04 16:49:35,086  INFO [main] SauceDemoProject:91 - Clicked on logout btn
2023-01-04 16:49:35,357  INFO [main] SauceDemoProject:98 - Closed browser
2023-01-04 16:57:08,994  INFO [main] SauceDemoProject:58 - maximized browser
2023-01-04 16:57:09,854  INFO [main] SauceDemoProject:63 - opened website
2023-01-04 16:57:09,977  INFO [main] SauceDemoProject:72 - entered username
2023-01-04 16:57:10,057  INFO [main] SauceDemoProject:75 - entered password
2023-01-04 16:57:10,161  INFO [main] SauceDemoProject:78 - clicked on login button
2023-01-04 16:57:10,285  INFO [main] SauceDemoProject:18 - Clicked on filter dropDown
2023-01-04 16:57:10,378  INFO [main] SauceDemoProject:21 - Selected element at index 2
2023-01-04 16:57:10,462  INFO [main] SauceDemoProject:88 - Clicked on setting btn
2023-01-04 16:57:10,585  INFO [main] SauceDemoProject:91 - Clicked on logout btn
2023-01-04 16:57:10,845  INFO [main] SauceDemoProject:98 - Closed browser
2023-01-04 16:57:12,005  INFO [main] SauceDemoProject:58 - maximized browser
2023-01-04 16:57:13,750  INFO [main] SauceDemoProject:63 - opened website
2023-01-04 16:57:13,834  INFO [main] SauceDemoProject:72 - entered username
2023-01-04 16:57:13,907  INFO [main] SauceDemoProject:75 - entered password
2023-01-04 16:57:14,005  INFO [main] SauceDemoProject:78 - clicked on login button
2023-01-04 16:57:14,071  INFO [main] SauceDemoProject:88 - Clicked on setting btn
2023-01-04 16:57:14,185  INFO [main] SauceDemoProject:91 - Clicked on logout btn
2023-01-04 16:57:14,468  INFO [main] SauceDemoProject:98 - Closed browser
2023-01-04 16:57:15,551  INFO [main] SauceDemoProject:58 - maximized browser
2023-01-04 16:57:16,508  INFO [main] SauceDemoProject:63 - opened website
2023-01-04 16:57:16,598  INFO [main] SauceDemoProject:72 - entered username
2023-01-04 16:57:16,675  INFO [main] SauceDemoProject:75 - entered password
2023-01-04 16:57:16,776  INFO [main] SauceDemoProject:78 - clicked on login button
2023-01-04 16:57:17,728  INFO [main] SauceDemoProject:16 - clicked on all add to cart btn
2023-01-04 16:57:22,875  INFO [main] SauceDemoProject:21 - moved to cart_Preview
2023-01-04 16:57:22,897  INFO [main] SauceDemoProject:25 - Applied validation
2023-01-04 16:57:22,952  INFO [main] SauceDemoProject:88 - Clicked on setting btn
2023-01-04 16:57:23,069  INFO [main] SauceDemoProject:91 - Clicked on logout btn
2023-01-04 16:57:23,323  INFO [main] SauceDemoProject:98 - Closed browser
2023-01-04 16:57:24,345  INFO [main] SauceDemoProject:58 - maximized browser
2023-01-04 16:57:25,338  INFO [main] SauceDemoProject:63 - opened website
2023-01-04 16:57:25,437  INFO [main] SauceDemoProject:72 - entered username
2023-01-04 16:57:25,496  INFO [main] SauceDemoProject:75 - entered password
2023-01-04 16:57:25,598  INFO [main] SauceDemoProject:78 - clicked on login button
2023-01-04 16:57:25,672  INFO [main] SauceDemoProject:18 - clicked on product at index 3
2023-01-04 16:57:27,721  INFO [main] SauceDemoProject:22 - Clicked on add to cart
2023-01-04 16:57:27,771  INFO [main] SauceDemoProject:25 - Clicked on cart
2023-01-04 16:57:27,848  INFO [main] SauceDemoProject:88 - Clicked on setting btn
2023-01-04 16:57:27,964  INFO [main] SauceDemoProject:91 - Clicked on logout btn
2023-01-04 16:57:28,249  INFO [main] SauceDemoProject:98 - Closed browser
2023-01-04 16:57:29,281  INFO [main] SauceDemoProject:58 - maximized browser
2023-01-04 16:57:30,127  INFO [main] SauceDemoProject:63 - opened website
2023-01-04 16:57:30,213  INFO [main] SauceDemoProject:72 - entered username
2023-01-04 16:57:30,288  INFO [main] SauceDemoProject:75 - entered password
2023-01-04 16:57:30,387  INFO [main] SauceDemoProject:78 - clicked on login button
2023-01-04 16:57:30,461  INFO [main] SauceDemoProject:88 - Clicked on setting btn
2023-01-04 16:57:30,639  INFO [main] SauceDemoProject:91 - Clicked on logout btn
2023-01-04 16:57:30,908  INFO [main] SauceDemoProject:98 - Closed browser
2023-01-04 16:58:18,385  INFO [main] SauceDemoProject:58 - maximized browser
2023-01-04 16:58:19,385  INFO [main] SauceDemoProject:63 - opened website
2023-01-04 16:58:19,499  INFO [main] SauceDemoProject:72 - entered username
2023-01-04 16:58:19,572  INFO [main] SauceDemoProject:75 - entered password
2023-01-04 16:58:19,680  INFO [main] SauceDemoProject:78 - clicked on login button
2023-01-04 16:58:19,784  INFO [main] SauceDemoProject:18 - Clicked on filter dropDown
2023-01-04 16:58:19,913  INFO [main] SauceDemoProject:21 - Selected element at index 2
2023-01-04 16:58:20,003  INFO [main] SauceDemoProject:88 - Clicked on setting btn
2023-01-04 16:58:20,168  INFO [main] SauceDemoProject:91 - Clicked on logout btn
2023-01-04 16:58:20,422  INFO [main] SauceDemoProject:98 - Closed browser
2023-01-04 16:58:21,536  INFO [main] SauceDemoProject:58 - maximized browser
2023-01-04 16:58:22,561  INFO [main] SauceDemoProject:63 - opened website
2023-01-04 16:58:22,646  INFO [main] SauceDemoProject:72 - entered username
2023-01-04 16:58:22,721  INFO [main] SauceDemoProject:75 - entered password
2023-01-04 16:58:22,820  INFO [main] SauceDemoProject:78 - clicked on login button
2023-01-04 16:58:22,900  INFO [main] SauceDemoProject:88 - Clicked on setting btn
2023-01-04 16:58:23,080  INFO [main] SauceDemoProject:91 - Clicked on logout btn
2023-01-04 16:58:23,432  INFO [main] SauceDemoProject:98 - Closed browser
2023-01-04 16:58:24,541  INFO [main] SauceDemoProject:58 - maximized browser
2023-01-04 16:58:25,729  INFO [main] SauceDemoProject:63 - opened website
2023-01-04 16:58:25,808  INFO [main] SauceDemoProject:72 - entered username
2023-01-04 16:58:25,886  INFO [main] SauceDemoProject:75 - entered password
2023-01-04 16:58:25,987  INFO [main] SauceDemoProject:78 - clicked on login button
2023-01-04 16:58:26,837  INFO [main] SauceDemoProject:16 - clicked on all add to cart btn
2023-01-04 16:58:31,981  INFO [main] SauceDemoProject:21 - moved to cart_Preview
2023-01-04 16:58:32,005  INFO [main] SauceDemoProject:25 - Applied validation
2023-01-04 16:58:32,067  INFO [main] SauceDemoProject:88 - Clicked on setting btn
2023-01-04 16:58:32,198  INFO [main] SauceDemoProject:91 - Clicked on logout btn
2023-01-04 16:58:32,506  INFO [main] SauceDemoProject:98 - Closed browser
2023-01-04 16:58:33,506  INFO [main] SauceDemoProject:58 - maximized browser
2023-01-04 16:58:34,743  INFO [main] SauceDemoProject:63 - opened website
2023-01-04 16:58:34,822  INFO [main] SauceDemoProject:72 - entered username
2023-01-04 16:58:34,897  INFO [main] SauceDemoProject:75 - entered password
2023-01-04 16:58:35,000  INFO [main] SauceDemoProject:78 - clicked on login button
2023-01-04 16:58:35,082  INFO [main] SauceDemoProject:18 - clicked on product at index 3
2023-01-04 16:58:37,147  INFO [main] SauceDemoProject:22 - Clicked on add to cart
2023-01-04 16:58:37,199  INFO [main] SauceDemoProject:25 - Clicked on cart
2023-01-04 16:58:37,272  INFO [main] SauceDemoProject:88 - Clicked on setting btn
2023-01-04 16:58:37,384  INFO [main] SauceDemoProject:91 - Clicked on logout btn
2023-01-04 16:58:37,611  INFO [main] SauceDemoProject:98 - Closed browser
2023-01-04 16:58:38,631  INFO [main] SauceDemoProject:58 - maximized browser
2023-01-04 16:58:39,556  INFO [main] SauceDemoProject:63 - opened website
2023-01-04 16:58:39,637  INFO [main] SauceDemoProject:72 - entered username
2023-01-04 16:58:39,716  INFO [main] SauceDemoProject:75 - entered password
2023-01-04 16:58:39,820  INFO [main] SauceDemoProject:78 - clicked on login button
2023-01-04 16:58:39,908  INFO [main] SauceDemoProject:88 - Clicked on setting btn
2023-01-04 16:58:40,034  INFO [main] SauceDemoProject:91 - Clicked on logout btn
2023-01-04 16:58:40,276  INFO [main] SauceDemoProject:98 - Closed browser
2023-01-04 17:01:10,912  INFO [main] SauceDemoProject:58 - maximized browser
2023-01-04 17:01:11,929  INFO [main] SauceDemoProject:63 - opened website
2023-01-04 17:01:12,051  INFO [main] SauceDemoProject:72 - entered username
2023-01-04 17:01:12,122  INFO [main] SauceDemoProject:75 - entered password
2023-01-04 17:01:12,221  INFO [main] SauceDemoProject:78 - clicked on login button
2023-01-04 17:01:12,340  INFO [main] SauceDemoProject:18 - Clicked on filter dropDown
2023-01-04 17:01:12,427  INFO [main] SauceDemoProject:21 - Selected element at index 2
2023-01-04 17:01:12,525  INFO [main] SauceDemoProject:88 - Clicked on setting btn
2023-01-04 17:01:12,689  INFO [main] SauceDemoProject:91 - Clicked on logout btn
2023-01-04 17:01:12,971  INFO [main] SauceDemoProject:98 - Closed browser
2023-01-04 17:01:14,128  INFO [main] SauceDemoProject:58 - maximized browser
2023-01-04 17:01:15,219  INFO [main] SauceDemoProject:63 - opened website
2023-01-04 17:01:15,302  INFO [main] SauceDemoProject:72 - entered username
2023-01-04 17:01:15,379  INFO [main] SauceDemoProject:75 - entered password
2023-01-04 17:01:15,477  INFO [main] SauceDemoProject:78 - clicked on login button
2023-01-04 17:01:15,559  INFO [main] SauceDemoProject:88 - Clicked on setting btn
2023-01-04 17:01:15,731  INFO [main] SauceDemoProject:91 - Clicked on logout btn
2023-01-04 17:01:15,980  INFO [main] SauceDemoProject:98 - Closed browser
2023-01-04 17:01:17,012  INFO [main] SauceDemoProject:58 - maximized browser
2023-01-04 17:01:17,974  INFO [main] SauceDemoProject:63 - opened website
2023-01-04 17:01:18,057  INFO [main] SauceDemoProject:72 - entered username
2023-01-04 17:01:18,129  INFO [main] SauceDemoProject:75 - entered password
2023-01-04 17:01:18,228  INFO [main] SauceDemoProject:78 - clicked on login button
2023-01-04 17:01:19,159  INFO [main] SauceDemoProject:16 - clicked on all add to cart btn
2023-01-04 17:01:24,293  INFO [main] SauceDemoProject:21 - moved to cart_Preview
2023-01-04 17:01:24,313  INFO [main] SauceDemoProject:25 - Applied validation
2023-01-04 17:01:24,363  INFO [main] SauceDemoProject:88 - Clicked on setting btn
2023-01-04 17:01:24,477  INFO [main] SauceDemoProject:91 - Clicked on logout btn
2023-01-04 17:01:24,726  INFO [main] SauceDemoProject:98 - Closed browser
2023-01-04 17:01:25,727  INFO [main] SauceDemoProject:58 - maximized browser
2023-01-04 17:01:26,798  INFO [main] SauceDemoProject:63 - opened website
2023-01-04 17:01:26,893  INFO [main] SauceDemoProject:72 - entered username
2023-01-04 17:01:26,961  INFO [main] SauceDemoProject:75 - entered password
2023-01-04 17:01:27,067  INFO [main] SauceDemoProject:78 - clicked on login button
2023-01-04 17:01:27,139  INFO [main] SauceDemoProject:18 - clicked on product at index 3
2023-01-04 17:01:29,199  INFO [main] SauceDemoProject:22 - Clicked on add to cart
2023-01-04 17:01:29,249  INFO [main] SauceDemoProject:25 - Clicked on cart
2023-01-04 17:01:29,320  INFO [main] SauceDemoProject:88 - Clicked on setting btn
2023-01-04 17:01:29,469  INFO [main] SauceDemoProject:91 - Clicked on logout btn
2023-01-04 17:01:29,751  INFO [main] SauceDemoProject:98 - Closed browser
2023-01-04 17:01:30,752  INFO [main] SauceDemoProject:58 - maximized browser
2023-01-04 17:01:31,897  INFO [main] SauceDemoProject:63 - opened website
2023-01-04 17:01:31,974  INFO [main] SauceDemoProject:72 - entered username
2023-01-04 17:01:32,050  INFO [main] SauceDemoProject:75 - entered password
2023-01-04 17:01:32,141  INFO [main] SauceDemoProject:78 - clicked on login button
2023-01-04 17:01:32,218  INFO [main] SauceDemoProject:88 - Clicked on setting btn
2023-01-04 17:01:32,347  INFO [main] SauceDemoProject:91 - Clicked on logout btn
2023-01-04 17:01:32,626  INFO [main] SauceDemoProject:98 - Closed browser
2023-01-06 07:06:44,744  INFO [main] SauceDemoProject:58 - maximized browser
2023-01-06 07:06:47,935  INFO [main] SauceDemoProject:63 - opened website
2023-01-06 07:06:48,314  INFO [main] SauceDemoProject:72 - entered username
2023-01-06 07:06:48,542  INFO [main] SauceDemoProject:75 - entered password
2023-01-06 07:06:48,862  INFO [main] SauceDemoProject:78 - clicked on login button
2023-01-06 07:06:50,117  INFO [main] SauceDemoProject:16 - clicked on all add to cart btn
2023-01-06 07:06:55,313  INFO [main] SauceDemoProject:21 - moved to cart_Preview
2023-01-06 07:06:55,376  INFO [main] SauceDemoProject:25 - Applied validation
2023-01-06 07:06:55,518  INFO [main] SauceDemoProject:88 - Clicked on setting btn
2023-01-06 07:06:55,660  INFO [main] SauceDemoProject:91 - Clicked on logout btn
2023-01-06 07:06:55,940  INFO [main] SauceDemoProject:98 - Closed browser
2023-01-06 07:06:57,256  INFO [main] SauceDemoProject:58 - maximized browser
2023-01-06 07:06:58,332  INFO [main] SauceDemoProject:63 - opened website
2023-01-06 07:06:58,549  INFO [main] SauceDemoProject:72 - entered username
2023-01-06 07:06:58,670  INFO [main] SauceDemoProject:75 - entered password
2023-01-06 07:06:58,900  INFO [main] SauceDemoProject:78 - clicked on login button
2023-01-06 07:06:59,013  INFO [main] SauceDemoProject:18 - clicked on product at index 3
2023-01-06 07:07:01,103  INFO [main] SauceDemoProject:22 - Clicked on add to cart
2023-01-06 07:07:01,189  INFO [main] SauceDemoProject:25 - Clicked on cart
2023-01-06 07:07:01,305  INFO [main] SauceDemoProject:88 - Clicked on setting btn
2023-01-06 07:07:01,474  INFO [main] SauceDemoProject:91 - Clicked on logout btn
2023-01-06 07:07:01,768  INFO [main] SauceDemoProject:98 - Closed browser
2023-01-06 07:07:03,292  INFO [main] SauceDemoProject:58 - maximized browser
2023-01-06 07:07:04,262  INFO [main] SauceDemoProject:63 - opened website
2023-01-06 07:07:04,486  INFO [main] SauceDemoProject:72 - entered username
2023-01-06 07:07:04,611  INFO [main] SauceDemoProject:75 - entered password
2023-01-06 07:07:04,751  INFO [main] SauceDemoProject:78 - clicked on login button
2023-01-06 07:07:04,966  INFO [main] SauceDemoProject:88 - Clicked on setting btn
2023-01-06 07:07:05,101  INFO [main] SauceDemoProject:91 - Clicked on logout btn
2023-01-06 07:07:05,292  INFO [main] SauceDemoProject:98 - Closed browser
2023-01-06 07:07:06,945  INFO [main] SauceDemoProject:58 - maximized browser
2023-01-06 07:07:07,750  INFO [main] SauceDemoProject:63 - opened website
2023-01-06 07:07:07,971  INFO [main] SauceDemoProject:72 - entered username
2023-01-06 07:07:08,203  INFO [main] SauceDemoProject:75 - entered password
2023-01-06 07:07:08,583  INFO [main] SauceDemoProject:78 - clicked on login button
2023-01-06 07:07:08,762  INFO [main] SauceDemoProject:18 - Clicked on filter dropDown
2023-01-06 07:07:08,884  INFO [main] SauceDemoProject:21 - Selected element at index 2
2023-01-06 07:07:09,052  INFO [main] SauceDemoProject:88 - Clicked on setting btn
2023-01-06 07:07:09,250  INFO [main] SauceDemoProject:91 - Clicked on logout btn
2023-01-06 07:07:09,584  INFO [main] SauceDemoProject:98 - Closed browser
2023-01-06 07:07:11,541  INFO [main] SauceDemoProject:58 - maximized browser
2023-01-06 07:07:12,669  INFO [main] SauceDemoProject:63 - opened website
2023-01-06 07:07:12,989  INFO [main] SauceDemoProject:72 - entered username
2023-01-06 07:07:13,319  INFO [main] SauceDemoProject:75 - entered password
2023-01-06 07:07:13,571  INFO [main] SauceDemoProject:78 - clicked on login button
2023-01-06 07:07:13,684  INFO [main] SauceDemoProject:88 - Clicked on setting btn
2023-01-06 07:07:13,951  INFO [main] SauceDemoProject:91 - Clicked on logout btn
2023-01-06 07:07:14,202  INFO [main] SauceDemoProject:98 - Closed browser
2023-01-06 07:07:14,699 DEBUG [main] cache:45 - Couldn't find template in cache for "Extent.ftl"("en_IN", UTF-8, parsed); will try to load it.
2023-01-06 07:07:14,701 DEBUG [main] cache:45 - TemplateLoader.findTemplateSource("Extent_en_IN.ftl"): Not found
2023-01-06 07:07:14,703 DEBUG [main] cache:45 - TemplateLoader.findTemplateSource("Extent_en.ftl"): Not found
2023-01-06 07:07:14,705 DEBUG [main] cache:45 - TemplateLoader.findTemplateSource("Extent.ftl"): Found
2023-01-06 07:07:14,705 DEBUG [main] cache:45 - Loading template for "Extent.ftl"("en_IN", UTF-8, parsed) from "jar:file:/C:/Users/Prajwal/.m2/repository/com/relevantcodes/extentreports/2.41.2/extentreports-2.41.2.jar!/com/relevantcodes/extentreports/view/Extent.ftl"
2023-01-06 07:07:14,963 DEBUG [main] cache:45 - Couldn't find template in cache for "Extent.ftl"("en_IN", UTF-8, parsed); will try to load it.
2023-01-06 07:07:14,963 DEBUG [main] cache:45 - TemplateLoader.findTemplateSource("Extent_en_IN.ftl"): Not found
2023-01-06 07:07:14,965 DEBUG [main] cache:45 - TemplateLoader.findTemplateSource("Extent_en.ftl"): Not found
2023-01-06 07:07:14,965 DEBUG [main] cache:45 - TemplateLoader.findTemplateSource("Extent.ftl"): Found
2023-01-06 07:07:14,965 DEBUG [main] cache:45 - Loading template for "Extent.ftl"("en_IN", UTF-8, parsed) from "jar:file:/C:/Users/Prajwal/.m2/repository/com/relevantcodes/extentreports/2.41.2/extentreports-2.41.2.jar!/com/relevantcodes/extentreports/view/Extent.ftl"
